app/build/outputs/logs/manifest-merger-debug-report.txt
-- Merging decision tree log ---
manifest
ADDED from src/main/AndroidManifest.xml:2:1-30:12
INJECTED from src/main/AndroidManifest.xml:2:1-30:12
INJECTED from src/main/AndroidManifest.xml:2:1-30:12
INJECTED from src/main/AndroidManifest.xml:2:1-30:12
MERGED from [com.google.android.things.contrib:driver-button:1.0] AndroidManifest.xml:17:1-30:12
INJECTED from src/main/AndroidManifest.xml:2:1-30:12
INJECTED from src/main/AndroidManifest.xml:2:1-30:12
INJECTED from src/main/AndroidManifest.xml:2:1-30:12
	package
		ADDED from src/main/AndroidManifest.xml:3:5-38
		INJECTED from src/main/AndroidManifest.xml
		INJECTED from src/main/AndroidManifest.xml
	android:versionName
		INJECTED from src/main/AndroidManifest.xml
		ADDED from src/main/AndroidManifest.xml:2:1-30:12
		INJECTED from src/main/AndroidManifest.xml
	android:versionCode
		INJECTED from src/main/AndroidManifest.xml
		ADDED from src/main/AndroidManifest.xml:2:1-30:12
		INJECTED from src/main/AndroidManifest.xml
	xmlns:android
		ADDED from src/main/AndroidManifest.xml:2:11-69
uses-permission#android.permission.BLUETOOTH
ADDED from src/main/AndroidManifest.xml:5:5-68
	android:name
		ADDED from src/main/AndroidManifest.xml:5:22-65
uses-permission#android.permission.BLUETOOTH_ADMIN
ADDED from src/main/AndroidManifest.xml:6:5-74
	android:name
		ADDED from src/main/AndroidManifest.xml:6:22-71
uses-permission#android.permission.BLUETOOTH_PRIVILEGED
ADDED from src/main/AndroidManifest.xml:7:5-79
	android:name
		ADDED from src/main/AndroidManifest.xml:7:22-76
uses-permission#com.google.android.things.permission.MANAGE_INPUT_DRIVERS
ADDED from src/main/AndroidManifest.xml:8:5-97
	android:name
		ADDED from src/main/AndroidManifest.xml:8:22-94
uses-permission#com.google.android.things.permission.MANAGE_BLUETOOTH
ADDED from src/main/AndroidManifest.xml:9:5-93
	android:name
		ADDED from src/main/AndroidManifest.xml:9:22-90
uses-permission#com.google.android.things.permission.USE_PERIPHERAL_IO
ADDED from src/main/AndroidManifest.xml:10:5-94
	android:name
		ADDED from src/main/AndroidManifest.xml:10:22-91
application
ADDED from src/main/AndroidManifest.xml:12:5-28:19
MERGED from [com.google.android.things.contrib:driver-button:1.0] AndroidManifest.xml:24:5-28:19
MERGED from [com.google.android.things.contrib:driver-button:1.0] AndroidManifest.xml:24:5-28:19
uses-library#com.google.android.things
ADDED from src/main/AndroidManifest.xml:13:9-66
MERGED from [com.google.android.things.contrib:driver-button:1.0] AndroidManifest.xml:25:9-27:40
MERGED from [com.google.android.things.contrib:driver-button:1.0] AndroidManifest.xml:25:9-27:40
	android:name
		ADDED from src/main/AndroidManifest.xml:13:23-63
activity#by.vfedorenko.assistant.MainActivity
ADDED from src/main/AndroidManifest.xml:15:9-27:20
	android:name
		ADDED from src/main/AndroidManifest.xml:15:19-47
intent-filter#action:name:android.intent.action.MAIN+category:name:android.intent.category.LAUNCHER
ADDED from src/main/AndroidManifest.xml:16:13-20:29
action#android.intent.action.MAIN
ADDED from src/main/AndroidManifest.xml:17:17-69
	android:name
		ADDED from src/main/AndroidManifest.xml:17:25-66
category#android.intent.category.LAUNCHER
ADDED from src/main/AndroidManifest.xml:19:17-77
	android:name
		ADDED from src/main/AndroidManifest.xml:19:27-74
intent-filter#action:name:android.intent.action.MAIN+category:name:android.intent.category.DEFAULT+category:name:android.intent.category.IOT_LAUNCHER
ADDED from src/main/AndroidManifest.xml:21:13-26:29
category#android.intent.category.IOT_LAUNCHER
ADDED from src/main/AndroidManifest.xml:24:17-81
	android:name
		ADDED from src/main/AndroidManifest.xml:24:27-78
category#android.intent.category.DEFAULT
ADDED from src/main/AndroidManifest.xml:25:17-76
	android:name
		ADDED from src/main/AndroidManifest.xml:25:27-73
uses-sdk
INJECTED from src/main/AndroidManifest.xml reason: use-sdk injection requested
INJECTED from src/main/AndroidManifest.xml
INJECTED from src/main/AndroidManifest.xml
MERGED from [com.google.android.things.contrib:driver-button:1.0] AndroidManifest.xml:20:5-22:41
MERGED from [com.google.android.things.contrib:driver-button:1.0] AndroidManifest.xml:20:5-22:41
INJECTED from src/main/AndroidManifest.xml
INJECTED from src/main/AndroidManifest.xml
	android:targetSdkVersion
		INJECTED from src/main/AndroidManifest.xml
		ADDED from src/main/AndroidManifest.xml
		INJECTED from src/main/AndroidManifest.xml
	android:minSdkVersion
		INJECTED from src/main/AndroidManifest.xml
		ADDED from src/main/AndroidManifest.xml
		INJECTED from src/main/AndroidManifest.xml